[debug] [2023-04-27T23:55:42.809Z] ----------------------------------------------------------------------
[debug] [2023-04-27T23:55:42.812Z] Command:       C:\Program Files\nodejs\node.exe C:\Users\mauro\AppData\Roaming\npm\node_modules\firebase-tools\lib\bin\firebase.js init
[debug] [2023-04-27T23:55:42.813Z] CLI Version:   11.29.1
[debug] [2023-04-27T23:55:42.814Z] Platform:      win32
[debug] [2023-04-27T23:55:42.814Z] Node Version:  v18.12.1
[debug] [2023-04-27T23:55:42.816Z] Time:          Thu Apr 27 2023 20:55:42 GMT-0300 (hora estándar de Argentina)
[debug] [2023-04-27T23:55:42.816Z] ----------------------------------------------------------------------
[debug] 
[debug] [2023-04-27T23:55:42.829Z] > command requires scopes: ["email","openid","https://www.googleapis.com/auth/cloudplatformprojects.readonly","https://www.googleapis.com/auth/firebase","https://www.googleapis.com/auth/cloud-platform"]
[debug] [2023-04-27T23:55:42.830Z] > authorizing via signed-in user (maurovalentinuz@gmail.com)
[info] 
     ######## #### ########  ######## ########     ###     ######  ########
     ##        ##  ##     ## ##       ##     ##  ##   ##  ##       ##
     ######    ##  ########  ######   ########  #########  ######  ######
     ##        ##  ##    ##  ##       ##     ## ##     ##       ## ##
     ##       #### ##     ## ######## ########  ##     ##  ######  ########

You're about to initialize a Firebase project in this directory:

  C:\Users\mauro\OneDrive\Escritorio\portfolio-web\PortfolioWeb

[info] 
=== Project Setup
[info] 
[info] First, let's associate this project directory with a Firebase project.
[info] You can create multiple project aliases by running firebase use --add, 
[info] but for now we'll just set up a default project.
[info] 
[debug] [2023-04-27T23:57:33.672Z] >>> [apiv2][query] GET https://firebase.googleapis.com/v1beta1/projects pageSize=100
[debug] [2023-04-27T23:57:34.401Z] <<< [apiv2][status] GET https://firebase.googleapis.com/v1beta1/projects 200
[debug] [2023-04-27T23:57:34.402Z] <<< [apiv2][body] GET https://firebase.googleapis.com/v1beta1/projects [omitted]
[info] i  Using project portfolioweb-cb4db (portfolioweb) 
[info] 
=== Hosting Setup
[info] 
[info] Your public directory is the folder (relative to your project directory) that
[info] will contain Hosting assets to be uploaded with firebase deploy. If you
[info] have a build process for your assets, use your build's output directory.
[info] 
[info] +  Wrote dist/portfolio-web/404.html 
[debug] [2023-04-27T23:59:33.480Z] >>> [apiv2][query] GET https://www.gstatic.com/firebasejs/releases.json [none]
[debug] [2023-04-27T23:59:33.599Z] <<< [apiv2][status] GET https://www.gstatic.com/firebasejs/releases.json 200
[debug] [2023-04-27T23:59:33.600Z] <<< [apiv2][body] GET https://www.gstatic.com/firebasejs/releases.json {"current":{"version":"9.21.0","browserURL":"https://www.gstatic.com/firebasejs/9.21.0/firebase.js","packageURL":"https://www.gstatic.com/firebasejs/9.21.0/firebase.tgz"},"live":{"version":"9.21","browserURL":"https://www.gstatic.com/firebasejs/live/9.21/firebase.js","packageURL":"https://www.gstatic.com/firebasejs/live/9.21/firebase.tgz"},"components":{"analytics":"https://www.gstatic.com/firebasejs/9.21.0/firebase-analytics.js","app":"https://www.gstatic.com/firebasejs/9.21.0/firebase-app.js","app-check":"https://www.gstatic.com/firebasejs/9.21.0/firebase-app-check.js","auth":"https://www.gstatic.com/firebasejs/9.21.0/firebase-auth.js","auth/cordova":"https://www.gstatic.com/firebasejs/9.21.0/firebase-auth/cordova.js","auth/react-native":"https://www.gstatic.com/firebasejs/9.21.0/firebase-auth/react-native.js","functions":"https://www.gstatic.com/firebasejs/9.21.0/firebase-functions.js","firestore":"https://www.gstatic.com/firebasejs/9.21.0/firebase-firestore.js","firestore/lite":"https://www.gstatic.com/firebasejs/9.21.0/firebase-firestore/lite.js","installations":"https://www.gstatic.com/firebasejs/9.21.0/firebase-installations.js","storage":"https://www.gstatic.com/firebasejs/9.21.0/firebase-storage.js","performance":"https://www.gstatic.com/firebasejs/9.21.0/firebase-performance.js","remote-config":"https://www.gstatic.com/firebasejs/9.21.0/firebase-remote-config.js","messaging":"https://www.gstatic.com/firebasejs/9.21.0/firebase-messaging.js","messaging/sw":"https://www.gstatic.com/firebasejs/9.21.0/firebase-messaging/sw.js","database":"https://www.gstatic.com/firebasejs/9.21.0/firebase-database.js","firestore.memory":"https://www.gstatic.com/firebasejs/9.21.0/firebase-firestore.memory.js"}}
[info] i  Skipping write of dist/portfolio-web/index.html 
[info] 
[info] i  Detected a .git folder at C:\Users\mauro\OneDrive\Escritorio\portfolio-web 
[info] i  Authorizing with GitHub to upload your service account to a GitHub repository's secrets store. 
[info] 
[info] Visit this URL on this device to log in:
[info] https://github.com/login/oauth/authorize?client_id=89cf50f02ac6aaed3484&state=854449913&redirect_uri=http%3A%2F%2Flocalhost%3A9005&scope=read%3Auser%20repo%20public_repo
[info] 
[info] Waiting for authentication...
[debug] [2023-04-27T23:59:59.489Z] >>> [apiv2][query] POST https://github.com/login/oauth/access_token [none]
[debug] [2023-04-27T23:59:59.489Z] >>> [apiv2][body] POST https://github.com/login/oauth/access_token [stream]
[debug] [2023-04-28T00:00:00.092Z] <<< [apiv2][status] POST https://github.com/login/oauth/access_token 200
[debug] [2023-04-28T00:00:00.092Z] <<< [apiv2][body] POST https://github.com/login/oauth/access_token {"access_token":"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","token_type":"bearer","scope":"read:user,repo"}
[debug] [2023-04-28T00:00:00.104Z] >>> [apiv2][query] GET https://api.github.com/user [none]
[debug] [2023-04-28T00:00:00.542Z] <<< [apiv2][status] GET https://api.github.com/user 200
[debug] [2023-04-28T00:00:00.542Z] <<< [apiv2][body] GET https://api.github.com/user {"login":"mvalentinuz","id":109560563,"node_id":"U_kgDOBofC8w","avatar_url":"https://avatars.githubusercontent.com/u/109560563?v=4","gravatar_id":"","url":"https://api.github.com/users/mvalentinuz","html_url":"https://github.com/mvalentinuz","followers_url":"https://api.github.com/users/mvalentinuz/followers","following_url":"https://api.github.com/users/mvalentinuz/following{/other_user}","gists_url":"https://api.github.com/users/mvalentinuz/gists{/gist_id}","starred_url":"https://api.github.com/users/mvalentinuz/starred{/owner}{/repo}","subscriptions_url":"https://api.github.com/users/mvalentinuz/subscriptions","organizations_url":"https://api.github.com/users/mvalentinuz/orgs","repos_url":"https://api.github.com/users/mvalentinuz/repos","events_url":"https://api.github.com/users/mvalentinuz/events{/privacy}","received_events_url":"https://api.github.com/users/mvalentinuz/received_events","type":"User","site_admin":false,"name":"Mauro Valentinuz","company":null,"blog":"","location":"Paraná, Entre Ríos, Argentina","email":null,"hireable":null,"bio":"Programador Full Stack Trainee","twitter_username":null,"public_repos":3,"public_gists":0,"followers":0,"following":0,"created_at":"2022-07-18T23:29:10Z","updated_at":"2023-04-26T23:34:44Z","private_gists":0,"total_private_repos":0,"owned_private_repos":0,"disk_usage":59283,"collaborators":0,"two_factor_authentication":false,"plan":{"name":"free","space":976562499,"collaborators":0,"private_repos":10000}}
[info] 
[info] +  Success! Logged into GitHub as mvalentinuz 
[info] 
